-- Building for 64-bit.
-- Enabling plugin causal_graph because plugin core_sources is enabled and depends on it.
-- Enabling plugin int_hash_set because plugin core_sources is enabled and depends on it.
-- Enabling plugin int_packer because plugin core_sources is enabled and depends on it.
-- Enabling plugin ordered_set because plugin core_sources is enabled and depends on it.
-- Enabling plugin segmented_vector because plugin core_sources is enabled and depends on it.
-- Enabling plugin subscriber because plugin core_sources is enabled and depends on it.
-- Enabling plugin successor_generator because plugin core_sources is enabled and depends on it.
-- Enabling plugin task_properties because plugin core_sources is enabled and depends on it.
-- Enabling plugin combining_evaluator because plugin max_evaluator is enabled and depends on it.
-- Enabling plugin stubborn_sets because plugin stubborn_sets_atom_centric is enabled and depends on it.
-- Enabling plugin stubborn_sets_action_centric because plugin stubborn_sets_simple is enabled and depends on it.
-- Enabling plugin eager_search because plugin plugin_astar is enabled and depends on it.
-- Enabling plugin search_common because plugin plugin_astar is enabled and depends on it.
-- Enabling plugin lazy_search because plugin plugin_lazy is enabled and depends on it.
-- Enabling plugin perfect because plugin plugin_perfect is enabled and depends on it.
-- Enabling plugin goose_wl_heuristic because plugin goose_wl_linear_heuristic is enabled and depends on it.
-- Enabling plugin priority_queues because plugin additive_heuristic is enabled and depends on it.
-- Enabling plugin relaxation_heuristic because plugin additive_heuristic is enabled and depends on it.
-- Enabling plugin domain_transition_graph because plugin context_enhanced_additive_heuristic is enabled and depends on it.
-- Enabling plugin dynamic_bitset because plugin cegar is enabled and depends on it.
-- Enabling plugin extra_tasks because plugin cegar is enabled and depends on it.
-- Enabling plugin equivalence_relation because plugin mas_heuristic is enabled and depends on it.
-- Enabling plugin sccs because plugin mas_heuristic is enabled and depends on it.
-- Enabling plugin variable_order_finder because plugin mas_heuristic is enabled and depends on it.
-- Enabling plugin lp_solver because plugin landmarks is enabled and depends on it.
-- Enabling plugin max_cliques because plugin pdbs is enabled and depends on it.
-- Enabling plugin sampling because plugin pdbs is enabled and depends on it.
-- Enabling plugin null_pruning_method because plugin eager_search is enabled and depends on it.
-- Enabling plugin named_vector because plugin lp_solver is enabled and depends on it.
-- Using plugin: core_sources
-- Using plugin: plugins
-- Using plugin: parser
-- Using plugin: utils
-- Using plugin: alternation_open_list
-- Using plugin: best_first_open_list
-- Using plugin: epsilon_greedy_open_list
-- Using plugin: pareto_open_list
-- Using plugin: tiebreaking_open_list
-- Using plugin: type_based_open_list
-- Using plugin: dynamic_bitset
-- Using plugin: named_vector
-- Using plugin: equivalence_relation
-- Using plugin: int_hash_set
-- Using plugin: int_packer
-- Using plugin: max_cliques
-- Using plugin: priority_queues
-- Using plugin: ordered_set
-- Using plugin: segmented_vector
-- Using plugin: subscriber
-- Using plugin: evaluators_subcategory
-- Using plugin: const_evaluator
-- Using plugin: g_evaluator
-- Using plugin: combining_evaluator
-- Using plugin: max_evaluator
-- Using plugin: pref_evaluator
-- Using plugin: weighted_evaluator
-- Using plugin: sum_evaluator
-- Using plugin: null_pruning_method
-- Using plugin: limited_pruning
-- Using plugin: stubborn_sets
-- Using plugin: stubborn_sets_action_centric
-- Using plugin: stubborn_sets_atom_centric
-- Using plugin: stubborn_sets_simple
-- Using plugin: stubborn_sets_ec
-- Using plugin: search_common
-- Using plugin: eager_search
-- Using plugin: plugin_astar
-- Using plugin: plugin_eager
-- Using plugin: plugin_eager_greedy
-- Using plugin: plugin_eager_wastar
-- Using plugin: plugin_lazy
-- Using plugin: plugin_lazy_greedy
-- Using plugin: plugin_lazy_wastar
-- Using plugin: enforced_hill_climbing_search
-- Using plugin: iterated_search
-- Using plugin: lazy_search
-- Using plugin: plugin_perfect
-- Using plugin: perfect
-- Using plugin: cgraph
-- Using plugin: goose_heuristic
-- Using plugin: goose_wl_heuristic
-- Using plugin: goose_gnn_heuristic
-- Using plugin: goose_wl_linear_heuristic
-- Using plugin: goose_wl_linear_heuristic_online
-- Using plugin: goose_wl_kernel_heuristic
-- Using plugin: goose_wl_bayes_heuristic
-- Using plugin: lp_solver
-- Using plugin: relaxation_heuristic
-- Using plugin: additive_heuristic
-- Using plugin: blind_search_heuristic
-- Using plugin: context_enhanced_additive_heuristic
-- Using plugin: cg_heuristic
-- Using plugin: domain_transition_graph
-- Using plugin: ff_heuristic
-- Using plugin: goal_count_heuristic
-- Using plugin: hm_heuristic
-- Using plugin: landmark_cut_heuristic
-- Using plugin: max_heuristic
-- Using plugin: core_tasks
-- Using plugin: extra_tasks
-- Using plugin: causal_graph
-- Using plugin: sampling
-- Using plugin: successor_generator
-- Using plugin: task_properties
-- Using plugin: variable_order_finder
-- Using plugin: cegar
-- Using plugin: mas_heuristic
-- Using plugin: landmarks
-- Using plugin: operator_counting
-- Using plugin: pdbs
-- Using plugin: potentials
-- Using plugin: sccs
-- Found pybind11: /home/dillon/.conda/envs/goose/include (found version "2.10.4")
-- Could NOT find Cplex (missing: CPLEX_INCLUDE_DIRS CPLEX_LIBRARIES) 
-- Could NOT find SoPlex (missing: SOPLEX_INCLUDE_DIRS SOPLEX_LIBRARIES) 
-- Configuring done (0.1s)
-- Generating done (0.0s)
-- Build files have been written to: /home/dillon/code/goose-kernels/planners/downward/builds/release
Copying translator module into output directory
[  0%] Built target translate
[  0%] Building CXX object search/CMakeFiles/downward.dir/heuristics/goose_linear_online.cc.o
Building configuration release.
Executing command "cmake -G Unix Makefiles -DCMAKE_BUILD_TYPE=Release -DBoost_INCLUDE_DIR=$BOOST_BASE/include -DBoost_LIBRARY_DIR=$BOOST_BASE/lib/GNU ../../src" in directory "/home/dillon/code/goose-kernels/planners/downward/builds/release".
Executing command "make -j20" in directory "/home/dillon/code/goose-kernels/planners/downward/builds/release".
